<?xml version="1.0" encoding="UTF-8"?>
<!-- Generated by org.testng.reporters.JUnitReportReporter -->
<testsuite skipped="0" hostname="HPMASTER" name="com.simulador.testCases.SimuladorUsers" tests="2" failures="0" timestamp="15 abr 2018 07:04:29 GMT" time="21.147" errors="0">
  <testcase name="infoSimulacionInmobiliaria" time="8.148" classname="com.simulador.testCases.SimuladorUsers"/>
  <testcase name="infoSimulacionConsumo" time="12.999" classname="com.simulador.testCases.SimuladorUsers"/>
</testsuite> <!-- com.simulador.testCases.SimuladorUsers -->
