<?xml version="1.0" encoding="UTF-8"?>
<!-- Generated by org.testng.reporters.JUnitReportReporter -->
<testsuite skipped="0" hostname="HPMASTER" name="com.simulador.testCases.Simulador" tests="2" failures="0" timestamp="15 abr 2018 08:02:22 GMT" time="136.084" errors="0">
  <testcase name="infoSimulacionInmobiliaria" time="85.660" classname="com.simulador.testCases.Simulador"/>
  <testcase name="infoSimulacionConsumo" time="50.424" classname="com.simulador.testCases.Simulador"/>
</testsuite> <!-- com.simulador.testCases.Simulador -->
